  Compiling CUDA source file particleSystem_cuda.cu...
  
  E:\Particle Base Modeling\ParticleModel\ParticlesModel>"C:\Program Files\NVIDIA GPU Computing Toolkit\CUDA\v5.5\bin\nvcc.exe" -gencode=arch=compute_10,code=\"sm_10,compute_10\" -gencode=arch=compute_20,code=\"sm_20,compute_20\" -gencode=arch=compute_30,code=\"sm_30,compute_30\" -gencode=arch=compute_35,code=\"sm_35,compute_35\" --use-local-env --cl-version 2010 -ccbin "C:\Program Files (x86)\Microsoft Visual Studio 10.0\VC\bin"  -I"C:\Program Files\NVIDIA GPU Computing Toolkit\CUDA\v5.5\include" -I"C:\ProgramData\NVIDIA Corporation\CUDA Samples\v5.5\common\inc" -I"C:\ProgramData\NVIDIA Corporation\CUDA Samples\v5.5\common\inc" -I"C:\Program Files\NVIDIA GPU Computing Toolkit\CUDA\v5.5\include" -I"C:\Program Files\NVIDIA GPU Computing Toolkit\CUDA\v5.5\include"  -G   --keep-dir Debug -maxrregcount=0  --machine 32 --compile -cudart static -Xcompiler "/wd 4819"  -g   -DWIN32 -DWIN32 -D_MBCS -Xcompiler "/EHsc /W3 /nologo /Od /Zi /RTC1 /MTd  " -o Win32/Debug/particleSystem_cuda.cu.obj "E:\Particle Base Modeling\ParticleModel\ParticlesModel\particleSystem_cuda.cu" 
C:\Program Files\NVIDIA GPU Computing Toolkit\CUDA\v5.5\include\curand_kernel.h(405): warning : missing return statement at end of non-void function "__curand_uint32_as_float"
C:\Program Files\NVIDIA GPU Computing Toolkit\CUDA\v5.5\include\thrust/detail/swap.h(29): warning : Cannot tell what pointer points to, assuming global memory space
C:\Program Files\NVIDIA GPU Computing Toolkit\CUDA\v5.5\include\thrust/detail/swap.h(30): warning : Cannot tell what pointer points to, assuming global memory space
C:\Program Files\NVIDIA GPU Computing Toolkit\CUDA\v5.5\include\thrust/detail/swap.h(30): warning : Cannot tell what pointer points to, assuming global memory space
C:\Program Files\NVIDIA GPU Computing Toolkit\CUDA\v5.5\include\thrust/detail/swap.h(31): warning : Cannot tell what pointer points to, assuming global memory space
C:\Program Files\NVIDIA GPU Computing Toolkit\CUDA\v5.5\include\thrust/detail/swap.h(29): warning : Cannot tell what pointer points to, assuming global memory space
C:\Program Files\NVIDIA GPU Computing Toolkit\CUDA\v5.5\include\thrust/detail/swap.h(30): warning : Cannot tell what pointer points to, assuming global memory space
C:\Program Files\NVIDIA GPU Computing Toolkit\CUDA\v5.5\include\thrust/detail/swap.h(30): warning : Cannot tell what pointer points to, assuming global memory space
C:\Program Files\NVIDIA GPU Computing Toolkit\CUDA\v5.5\include\thrust/detail/swap.h(31): warning : Cannot tell what pointer points to, assuming global memory space
C:\Program Files\NVIDIA GPU Computing Toolkit\CUDA\v5.5\include\curand_kernel.h(405): warning : missing return statement at end of non-void function "__curand_uint32_as_float"
C:\Program Files\NVIDIA GPU Computing Toolkit\CUDA\v5.5\include\curand_kernel.h(405): warning : missing return statement at end of non-void function "__curand_uint32_as_float"
C:\Program Files\NVIDIA GPU Computing Toolkit\CUDA\v5.5\include\curand_kernel.h(405): warning : missing return statement at end of non-void function "__curand_uint32_as_float"
  Skipping CUDA source file particles_kernel.cuh (excluded from build).
  particleSystem.cpp
c:\program files\nvidia gpu computing toolkit\cuda\v5.5\include\curand_philox4x32_x.h(112): warning C4244: '=' : conversion from 'uint64' to 'uint32', possible loss of data
c:\program files\nvidia gpu computing toolkit\cuda\v5.5\include\curand_philox4x32_x.h(113): warning C4244: '+=' : conversion from 'uint64' to 'unsigned int', possible loss of data
c:\program files\nvidia gpu computing toolkit\cuda\v5.5\include\curand_philox4x32_x.h(125): warning C4244: '=' : conversion from 'uint64' to 'uint32', possible loss of data
c:\program files\nvidia gpu computing toolkit\cuda\v5.5\include\curand_philox4x32_x.h(126): warning C4244: '+=' : conversion from 'uint64' to 'unsigned int', possible loss of data
c:\program files\nvidia gpu computing toolkit\cuda\v5.5\include\curand_philox4x32_x.h(133): warning C4244: '=' : conversion from 'uint64' to 'uint32', possible loss of data
c:\program files\nvidia gpu computing toolkit\cuda\v5.5\include\curand_philox4x32_x.h(134): warning C4244: '+=' : conversion from 'uint64' to 'unsigned int', possible loss of data
c:\program files\nvidia gpu computing toolkit\cuda\v5.5\include\curand_philox4x32_x.h(146): warning C4244: '=' : conversion from 'uint64' to 'uint32', possible loss of data
c:\program files\nvidia gpu computing toolkit\cuda\v5.5\include\curand_philox4x32_x.h(147): warning C4244: '+=' : conversion from 'uint64' to 'unsigned int', possible loss of data
c:\program files\nvidia gpu computing toolkit\cuda\v5.5\include\curand_philox4x32_x.h(154): warning C4244: 'initializing' : conversion from 'uint64' to 'int', possible loss of data
c:\program files\nvidia gpu computing toolkit\cuda\v5.5\include\curand_philox4x32_x.h(155): warning C4244: '=' : conversion from 'uint64' to 'int', possible loss of data
c:\program files\nvidia gpu computing toolkit\cuda\v5.5\include\curand_philox4x32_x.h(158): warning C4244: '+=' : conversion from 'uint64' to 'unsigned int', possible loss of data
c:\program files\nvidia gpu computing toolkit\cuda\v5.5\include\curand_philox4x32_x.h(172): warning C4244: 'initializing' : conversion from 'uint64' to 'int', possible loss of data
c:\program files\nvidia gpu computing toolkit\cuda\v5.5\include\curand_philox4x32_x.h(173): warning C4244: '=' : conversion from 'uint64' to 'int', possible loss of data
c:\program files\nvidia gpu computing toolkit\cuda\v5.5\include\curand_philox4x32_x.h(176): warning C4244: '+=' : conversion from 'uint64' to 'unsigned int', possible loss of data
c:\program files\nvidia gpu computing toolkit\cuda\v5.5\include\curand_poisson.h(127): warning C4244: '=' : conversion from 'double' to 'float', possible loss of data
c:\program files\nvidia gpu computing toolkit\cuda\v5.5\include\curand_poisson.h(159): warning C4244: '=' : conversion from 'double' to 'float', possible loss of data
c:\program files\nvidia gpu computing toolkit\cuda\v5.5\include\curand_poisson.h(170): warning C4305: 'initializing' : truncation from 'double' to 'float'
c:\program files\nvidia gpu computing toolkit\cuda\v5.5\include\curand_poisson.h(171): warning C4305: 'initializing' : truncation from 'double' to 'float'
c:\program files\nvidia gpu computing toolkit\cuda\v5.5\include\curand_poisson.h(172): warning C4305: 'initializing' : truncation from 'double' to 'float'
c:\program files\nvidia gpu computing toolkit\cuda\v5.5\include\curand_poisson.h(173): warning C4305: 'initializing' : truncation from 'double' to 'float'
c:\program files\nvidia gpu computing toolkit\cuda\v5.5\include\curand_poisson.h(174): warning C4305: 'initializing' : truncation from 'double' to 'float'
c:\program files\nvidia gpu computing toolkit\cuda\v5.5\include\curand_poisson.h(175): warning C4305: 'initializing' : truncation from 'double' to 'float'
c:\program files\nvidia gpu computing toolkit\cuda\v5.5\include\curand_poisson.h(188): warning C4244: '=' : conversion from 'double' to 'float', possible loss of data
c:\program files\nvidia gpu computing toolkit\cuda\v5.5\include\curand_poisson.h(205): warning C4305: 'initializing' : truncation from 'double' to 'float'
c:\program files\nvidia gpu computing toolkit\cuda\v5.5\include\curand_poisson.h(206): warning C4305: 'initializing' : truncation from 'double' to 'float'
c:\program files\nvidia gpu computing toolkit\cuda\v5.5\include\curand_poisson.h(207): warning C4305: 'initializing' : truncation from 'double' to 'float'
c:\program files\nvidia gpu computing toolkit\cuda\v5.5\include\curand_poisson.h(208): warning C4305: 'initializing' : truncation from 'double' to 'float'
c:\program files\nvidia gpu computing toolkit\cuda\v5.5\include\curand_poisson.h(209): warning C4305: 'initializing' : truncation from 'double' to 'float'
c:\program files\nvidia gpu computing toolkit\cuda\v5.5\include\curand_poisson.h(210): warning C4305: 'initializing' : truncation from 'double' to 'float'
c:\program files\nvidia gpu computing toolkit\cuda\v5.5\include\curand_poisson.h(221): warning C4244: '=' : conversion from 'double' to 'float', possible loss of data
c:\program files\nvidia gpu computing toolkit\cuda\v5.5\include\curand_poisson.h(715): warning C4244: 'argument' : conversion from 'double' to 'float', possible loss of data
c:\program files\nvidia gpu computing toolkit\cuda\v5.5\include\curand_poisson.h(718): warning C4244: 'argument' : conversion from 'double' to 'float', possible loss of data
c:\program files\nvidia gpu computing toolkit\cuda\v5.5\include\curand_poisson.h(737): warning C4244: 'argument' : conversion from 'double' to 'float', possible loss of data
c:\program files\nvidia gpu computing toolkit\cuda\v5.5\include\curand_poisson.h(740): warning C4244: 'argument' : conversion from 'double' to 'float', possible loss of data
c:\program files\nvidia gpu computing toolkit\cuda\v5.5\include\curand_poisson.h(760): warning C4244: 'argument' : conversion from 'double' to 'float', possible loss of data
c:\program files\nvidia gpu computing toolkit\cuda\v5.5\include\curand_poisson.h(769): warning C4244: 'argument' : conversion from 'double' to 'float', possible loss of data
c:\program files\nvidia gpu computing toolkit\cuda\v5.5\include\curand_poisson.h(790): warning C4244: 'argument' : conversion from 'double' to 'float', possible loss of data
c:\program files\nvidia gpu computing toolkit\cuda\v5.5\include\curand_poisson.h(793): warning C4244: 'argument' : conversion from 'double' to 'float', possible loss of data
c:\program files\nvidia gpu computing toolkit\cuda\v5.5\include\curand_poisson.h(592): warning C4244: 'argument' : conversion from 'double' to 'float', possible loss of data
          c:\program files\nvidia gpu computing toolkit\cuda\v5.5\include\curand_poisson.h(718) : see reference to function template instantiation 'unsigned int curand_poisson_gammainc<curandStateXORWOW_t*>(T,float)' being compiled
          with
          [
              T=curandStateXORWOW_t *
          ]
c:\program files\nvidia gpu computing toolkit\cuda\v5.5\include\curand_poisson.h(592): warning C4244: '=' : conversion from 'double' to 'float', possible loss of data
c:\program files\nvidia gpu computing toolkit\cuda\v5.5\include\curand_poisson.h(594): warning C4244: 'argument' : conversion from 'double' to 'float', possible loss of data
c:\program files\nvidia gpu computing toolkit\cuda\v5.5\include\curand_poisson.h(592): warning C4244: 'argument' : conversion from 'double' to 'float', possible loss of data
          c:\program files\nvidia gpu computing toolkit\cuda\v5.5\include\curand_poisson.h(740) : see reference to function template instantiation 'unsigned int curand_poisson_gammainc<curandStatePhilox4_32_10_t*>(T,float)' being compiled
          with
          [
              T=curandStatePhilox4_32_10_t *
          ]
c:\program files\nvidia gpu computing toolkit\cuda\v5.5\include\curand_poisson.h(592): warning C4244: '=' : conversion from 'double' to 'float', possible loss of data
c:\program files\nvidia gpu computing toolkit\cuda\v5.5\include\curand_poisson.h(594): warning C4244: 'argument' : conversion from 'double' to 'float', possible loss of data
c:\program files\nvidia gpu computing toolkit\cuda\v5.5\include\curand_poisson.h(612): warning C4244: 'argument' : conversion from 'double' to 'float', possible loss of data
          c:\program files\nvidia gpu computing toolkit\cuda\v5.5\include\curand_poisson.h(769) : see reference to function template instantiation 'uint4 curand_poisson_gammainc4<curandStatePhilox4_32_10_t*>(T,float)' being compiled
          with
          [
              T=curandStatePhilox4_32_10_t *
          ]
c:\program files\nvidia gpu computing toolkit\cuda\v5.5\include\curand_poisson.h(612): warning C4244: '=' : conversion from 'double' to 'float', possible loss of data
c:\program files\nvidia gpu computing toolkit\cuda\v5.5\include\curand_poisson.h(614): warning C4244: 'argument' : conversion from 'double' to 'float', possible loss of data
c:\program files\nvidia gpu computing toolkit\cuda\v5.5\include\curand_poisson.h(625): warning C4244: 'argument' : conversion from 'double' to 'float', possible loss of data
c:\program files\nvidia gpu computing toolkit\cuda\v5.5\include\curand_poisson.h(625): warning C4244: '=' : conversion from 'double' to 'float', possible loss of data
c:\program files\nvidia gpu computing toolkit\cuda\v5.5\include\curand_poisson.h(627): warning C4244: 'argument' : conversion from 'double' to 'float', possible loss of data
c:\program files\nvidia gpu computing toolkit\cuda\v5.5\include\curand_poisson.h(638): warning C4244: 'argument' : conversion from 'double' to 'float', possible loss of data
c:\program files\nvidia gpu computing toolkit\cuda\v5.5\include\curand_poisson.h(638): warning C4244: '=' : conversion from 'double' to 'float', possible loss of data
c:\program files\nvidia gpu computing toolkit\cuda\v5.5\include\curand_poisson.h(640): warning C4244: 'argument' : conversion from 'double' to 'float', possible loss of data
c:\program files\nvidia gpu computing toolkit\cuda\v5.5\include\curand_poisson.h(651): warning C4244: 'argument' : conversion from 'double' to 'float', possible loss of data
c:\program files\nvidia gpu computing toolkit\cuda\v5.5\include\curand_poisson.h(651): warning C4244: '=' : conversion from 'double' to 'float', possible loss of data
c:\program files\nvidia gpu computing toolkit\cuda\v5.5\include\curand_poisson.h(653): warning C4244: 'argument' : conversion from 'double' to 'float', possible loss of data
c:\program files\nvidia gpu computing toolkit\cuda\v5.5\include\curand_poisson.h(592): warning C4244: 'argument' : conversion from 'double' to 'float', possible loss of data
          c:\program files\nvidia gpu computing toolkit\cuda\v5.5\include\curand_poisson.h(793) : see reference to function template instantiation 'unsigned int curand_poisson_gammainc<curandStateMRG32k3a_t*>(T,float)' being compiled
          with
          [
              T=curandStateMRG32k3a_t *
          ]
c:\program files\nvidia gpu computing toolkit\cuda\v5.5\include\curand_poisson.h(592): warning C4244: '=' : conversion from 'double' to 'float', possible loss of data
c:\program files\nvidia gpu computing toolkit\cuda\v5.5\include\curand_poisson.h(594): warning C4244: 'argument' : conversion from 'double' to 'float', possible loss of data
cl : Command line warning D9028: minimal rebuild failure, reverting to normal build
  LINK : ../../bin/win32/Debug//particles.exe not found or not built by the last incremental link; performing full link
     Creating library ../../bin/win32/Debug/particles.lib and object ../../bin/win32/Debug/particles.exp
  particles_vs2010.vcxproj -> E:\Particle Base Modeling\ParticleModel\ParticlesModel\../../bin/win32/Debug/particles.exe
