../../bin/win32/Debug/particles.ilk
../../bin/win32/Debug/particles.pdb
C:\USERS\SHAILESH\DOWNLOADS\MULTIPHYSICS\BIN\WIN32\DEBUG\PARTICLES.EXE
C:\Users\Shailesh\Downloads\Multiphysics\bin\win32\Debug\particles.exp
C:\USERS\SHAILESH\DOWNLOADS\MULTIPHYSICS\BIN\WIN32\DEBUG\PARTICLES.ILK
C:\Users\Shailesh\Downloads\Multiphysics\bin\win32\Debug\particles.lib
C:\USERS\SHAILESH\DOWNLOADS\MULTIPHYSICS\BIN\WIN32\DEBUG\PARTICLES.PDB
C:\Users\Shailesh\Downloads\Multiphysics\Multiphyics\ParticlesModel\../../bin/win32/Debug/particles.exe
C:\Users\Shailesh\Downloads\Multiphysics\Multiphyics\ParticlesModel\Win32\Debug\cl.command.1.tlog
C:\Users\Shailesh\Downloads\Multiphysics\Multiphyics\ParticlesModel\Win32\Debug\CL.read.1.tlog
C:\Users\Shailesh\Downloads\Multiphysics\Multiphyics\ParticlesModel\Win32\Debug\CL.write.1.tlog
C:\Users\Shailesh\Downloads\Multiphysics\Multiphyics\ParticlesModel\Win32\Debug\link.command.1.tlog
C:\Users\Shailesh\Downloads\Multiphysics\Multiphyics\ParticlesModel\Win32\Debug\link.read.1.tlog
C:\Users\Shailesh\Downloads\Multiphysics\Multiphyics\ParticlesModel\Win32\Debug\link.write.1.tlog
C:\Users\Shailesh\Downloads\Multiphysics\Multiphyics\ParticlesModel\Win32\Debug\mt.command.1.tlog
C:\Users\Shailesh\Downloads\Multiphysics\Multiphyics\ParticlesModel\Win32\Debug\mt.read.1.tlog
C:\Users\Shailesh\Downloads\Multiphysics\Multiphyics\ParticlesModel\Win32\Debug\mt.write.1.tlog
C:\USERS\SHAILESH\DOWNLOADS\MULTIPHYSICS\MULTIPHYICS\PARTICLESMODEL\WIN32\DEBUG\PARTICLES.EXE.INTERMEDIATE.MANIFEST
C:\USERS\SHAILESH\DOWNLOADS\MULTIPHYSICS\MULTIPHYICS\PARTICLESMODEL\WIN32\DEBUG\PARTICLES.OBJ
C:\Users\Shailesh\Downloads\Multiphysics\Multiphyics\ParticlesModel\Win32\Debug\particles.write.1.tlog
C:\Users\Shailesh\Downloads\Multiphysics\Multiphyics\ParticlesModel\Win32\Debug\particles_kernel.cuh.cache
C:\Users\Shailesh\Downloads\Multiphysics\Multiphyics\ParticlesModel\Win32\Debug\particles_vs2010.vcxprojResolveAssemblyReference.cache
C:\USERS\SHAILESH\DOWNLOADS\MULTIPHYSICS\MULTIPHYICS\PARTICLESMODEL\WIN32\DEBUG\PARTICLESYSTEM.OBJ
C:\Users\Shailesh\Downloads\Multiphysics\Multiphyics\ParticlesModel\Win32\Debug\particleSystem_cuda.cu.cache
C:\Users\Shailesh\Downloads\Multiphysics\Multiphyics\ParticlesModel\Win32\Debug\particleSystem_cuda.cu.obj
C:\USERS\SHAILESH\DOWNLOADS\MULTIPHYSICS\MULTIPHYICS\PARTICLESMODEL\WIN32\DEBUG\RENDER_PARTICLES.OBJ
C:\USERS\SHAILESH\DOWNLOADS\MULTIPHYSICS\MULTIPHYICS\PARTICLESMODEL\WIN32\DEBUG\SHADERS.OBJ
C:\Users\Shailesh\Downloads\Multiphysics\Multiphyics\ParticlesModel\Win32\Debug\vc100.idb
C:\USERS\SHAILESH\DOWNLOADS\MULTIPHYSICS\MULTIPHYICS\PARTICLESMODEL\WIN32\DEBUG\VC100.PDB
